<?xml version="1.0" encoding="UTF-8"?>
<!-- Generated by org.testng.reporters.JUnitReportReporter -->
<testsuite hostname="DESKTOP-DOTVUAF" failures="0" tests="2" name="Test2.test1" time="7.428" errors="0" timestamp="2022-10-10T10:28:27 IST" skipped="0">
  <testcase classname="Test2.test1" name="getTitle" time="2.663"/>
  <system-out/>
  <testcase classname="Test2.test1" name="calculate" time="4.765"/>
  <system-out/>
</testsuite> <!-- Test2.test1 -->
